[debug] [2023-01-03T00:21:18.784Z] ----------------------------------------------------------------------
[debug] [2023-01-03T00:21:18.785Z] Command:       C:\Program Files\nodejs\node.exe C:\Users\artis\AppData\Roaming\npm\node_modules\firebase-tools\lib\bin\firebase.js init
[debug] [2023-01-03T00:21:18.786Z] CLI Version:   11.19.0
[debug] [2023-01-03T00:21:18.786Z] Platform:      win32
[debug] [2023-01-03T00:21:18.786Z] Node Version:  v18.12.1
[debug] [2023-01-03T00:21:18.787Z] Time:          Tue Jan 03 2023 02:21:18 GMT+0200 (Austrumeiropas ziemas laiks)
[debug] [2023-01-03T00:21:18.787Z] ----------------------------------------------------------------------
[debug] 
[debug] [2023-01-03T00:21:18.843Z] > command requires scopes: ["email","openid","https://www.googleapis.com/auth/cloudplatformprojects.readonly","https://www.googleapis.com/auth/firebase","https://www.googleapis.com/auth/cloud-platform"]
[debug] [2023-01-03T00:21:18.844Z] > authorizing via signed-in user (artis.reserve@gmail.com)
[info] 
     ######## #### ########  ######## ########     ###     ######  ########
     ##        ##  ##     ## ##       ##     ##  ##   ##  ##       ##
     ######    ##  ########  ######   ########  #########  ######  ######
     ##        ##  ##    ##  ##       ##     ## ##     ##       ## ##
     ##       #### ##     ## ######## ########  ##     ##  ######  ########

You're about to initialize a Firebase project in this directory:

  C:\Users\artis\bikerides

Before we get started, keep in mind:

  * You are initializing within an existing Firebase project directory

[info] 
=== Project Setup
[info] 
[info] First, let's associate this project directory with a Firebase project.
[info] You can create multiple project aliases by running firebase use --add, 
[info] but for now we'll just set up a default project.
[info] 
[debug] [2023-01-03T00:21:25.362Z] Using project from CLI flag: bikerides-c9d55
[debug] [2023-01-03T00:21:25.365Z] >>> [apiv2][query] GET https://firebase.googleapis.com/v1beta1/projects/bikerides-c9d55 [none]
[debug] [2023-01-03T00:21:25.720Z] <<< [apiv2][status] GET https://firebase.googleapis.com/v1beta1/projects/bikerides-c9d55 200
[debug] [2023-01-03T00:21:25.721Z] <<< [apiv2][body] GET https://firebase.googleapis.com/v1beta1/projects/bikerides-c9d55 {"projectId":"bikerides-c9d55","projectNumber":"958120181601","displayName":"bikerides","name":"projects/bikerides-c9d55","resources":{"hostingSite":"bikerides-c9d55","realtimeDatabaseInstance":"bikerides-c9d55-default-rtdb","storageBucket":"bikerides-c9d55.appspot.com","locationId":"us-central"},"state":"ACTIVE","etag":"1_17527ca1-bf66-4b9d-8076-faa2f029d26e"}
[info] i  Using project bikerides-c9d55 (bikerides) 
[info] 
=== Hosting Setup
[info] 
[info] Your public directory is the folder (relative to your project directory) that
[info] will contain Hosting assets to be uploaded with firebase deploy. If you
[info] have a build process for your assets, use your build's output directory.
[info] 
